Starting Flip 7 GUI...
=== Flip 7 Game Started ===
Players: Player 1, Player 2, Player 3
Target Score: 200
AI Players: Player 3, Player 2
Cards Remaining: 83

Player 1 drew +4
Player 2 (AI) chooses HIT: Player 2 drew 9
Player 3 (AI) chooses HIT: Player 3 drew 7
Player 1 drew 6
Player 2 (AI) chooses HIT: Player 2 drew 5
Player 3 (AI) chooses HIT: Player 3 drew +2
Player 1 drew X2
Player 2 (AI) chooses HIT: Player 2 drew 12
Player 3 (AI) chooses HIT: Player 3 drew 10
Player 1 drew 7
Player 2 (AI) chooses STAY: Player 2 stayed
Player 3 (AI) chooses HIT: Player 3 drew 9
Player 1 drew 8
Player 3 (AI) chooses STAY: Player 3 stayed
Player 1 stayed

Round 1 Results:
------------------------------
Player 1: 50 points (Total: 50)
Player 2: 26 points (Total: 26)
Player 3: 28 points (Total: 28)
Round completed! Starting next round...
Player 1 drew 11
Player 2 (AI) chooses HIT: Player 2 drew 9
Player 3 (AI) chooses HIT: Player 3 drew 11
Player 1 drew 12
Player 2 (AI) chooses HIT: Player 2 drew 10
Player 3 (AI) chooses HIT: Player 3 drew 8
Player 1 drew 10
Player 2 (AI) chooses HIT: Player 2 drew 12
Player 3 (AI) chooses HIT: Player 3 drew 4
Player 1 stayed
Player 2 (AI) chooses STAY: Player 2 stayed
Player 3 (AI) chooses STAY: Player 3 stayed

Round 2 Results:
------------------------------
Player 1: 33 points (Total: 83)
Player 2: 31 points (Total: 57)
Player 3: 23 points (Total: 51)
Round completed! Starting next round...
Player 1 drew 9
Player 2 (AI) chooses HIT: Player 2 drew 11
Player 3 (AI) chooses HIT: Player 3 drew 2
Player 1 drew 7
Player 2 (AI) chooses HIT: Player 2 drew 5
Player 3 (AI) chooses HIT: Player 3 drew 1
Player 1 drew 3
Player 2 (AI) chooses HIT: Player 2 drew 9
Player 3 (AI) chooses HIT: Player 3 drew 8
Player 1 drew 9 and went bust!
Player 2 (AI) chooses STAY: Player 2 stayed
Player 3 (AI) chooses HIT: Player 3 drew 10
Player 3 (AI) chooses HIT: Player 3 drew 7
Player 3 (AI) chooses STAY: Player 3 stayed

Round 3 Results:
------------------------------
Player 1: 0 points (BUSTED) (Total: 83)
Player 2: 25 points (Total: 82)
Player 3: 28 points (Total: 79)
Round completed! Starting next round...
Player 1 drew 12
Player 2 (AI) chooses HIT: Player 2 drew 4
Player 3 (AI) chooses HIT: Player 3 drew 8
Player 1 drew 9
Player 2 (AI) chooses HIT: Player 2 drew 8
Player 3 (AI) chooses HIT: Player 3 drew 6
Player 1 drew 12 and went bust!
Player 2 (AI) chooses HIT: Player 2 drew 11
Player 3 (AI) chooses HIT: Player 3 drew 10
Player 2 (AI) chooses STAY: Player 2 stayed
Player 3 (AI) chooses STAY: Player 3 stayed

Round 4 Results:
------------------------------
Player 1: 0 points (BUSTED) (Total: 83)
Player 2: 23 points (Total: 105)
Player 3: 24 points (Total: 103)
Round completed! Starting next round...
Player 1 drew 8
Player 2 (AI) chooses HIT: Player 2 drew 10
Player 3 (AI) chooses HIT: Player 3 drew 7
Player 1 drew 4
Player 2 (AI) chooses HIT: Player 2 drew 11
Player 3 (AI) chooses HIT: Player 3 drew 12
Player 1 drew 11
Player 2 (AI) chooses STAY: Player 2 stayed
Player 3 (AI) chooses HIT: Player 3 drew 3
Player 1 stayed
Player 3 (AI) chooses STAY: Player 3 stayed

Round 5 Results:
------------------------------
Player 1: 23 points (Total: 106)
Player 2: 21 points (Total: 126)
Player 3: 22 points (Total: 125)
Round completed! Starting next round...
Player 1 drew 7
Player 2 (AI) chooses HIT: Player 2 drew 11
Player 3 (AI) chooses HIT: Player 3 drew 8
Player 1 drew 6
Player 2 (AI) chooses HIT: Player 2 drew 2
Player 3 (AI) chooses HIT: Player 3 drew 12
Player 1 drew 11
Player 2 (AI) chooses HIT: Player 2 drew 12
Player 3 (AI) chooses HIT: Player 3 drew 10
Player 1 drew 9
Player 2 (AI) chooses STAY: Player 2 stayed
Player 3 (AI) chooses STAY: Player 3 stayed
Player 1 drew 12
Player 1 stayed

Round 6 Results:
------------------------------
Player 1: 45 points (Total: 151)
Player 2: 25 points (Total: 151)
Player 3: 30 points (Total: 155)
Round completed! Starting next round...
Player 1 drew 8
Player 2 (AI) chooses HIT: Player 2 drew 12
Player 3 (AI) chooses HIT: Player 3 drew 11
Player 1 drew 10
Player 2 (AI) chooses HIT: Player 2 drew 12 and went bust!
Player 3 (AI) chooses HIT: Player 3 drew 11 and went bust!
Player 1 drew 5
Player 1 drew 5 and went bust!

Round 7 Results:
------------------------------
Player 1: 0 points (BUSTED) (Total: 151)
Player 2: 0 points (BUSTED) (Total: 151)
Player 3: 0 points (BUSTED) (Total: 155)
Round completed! Starting next round...
Player 1 drew 12
Player 2 (AI) chooses HIT: Player 2 drew 6
Player 3 (AI) chooses HIT: Player 3 drew 11
Player 1 drew 10
Player 2 (AI) chooses HIT: Player 2 drew 6 and went bust!
Player 3 (AI) chooses HIT: Player 3 drew 9
Player 1 stayed
Player 3 (AI) chooses HIT: Player 3 drew 10
Player 3 (AI) chooses HIT: Player 3 drew 7
Player 3 (AI) chooses HIT: Player 3 drew 4
Player 3 (AI) chooses HIT: Player 3 drew 0
Player 3 (AI) chooses HIT: Player 3 drew 6 and got seven unique cards! Round ends.

Round 8 Results:
------------------------------
Player 1: 22 points (Total: 173)
Player 2: 0 points (BUSTED) (Total: 151)
Player 3: 62 points (SEVEN CARD BONUS!) (Total: 217)
🎉 GAME OVER! Player 3 wins with 217 points!
