Starting Flip 7 GUI...
=== Flip 7 Game Started ===
Players: Player 1, Player 2, Player 3
Target Score: 200
AI Players: Player 3, Player 2
Cards Remaining: 83

Player 1 drew 11
Player 2 (AI) chooses HIT: Player 2 drew 11
Player 3 (AI) chooses HIT: Player 3 drew 10
Player 1 drew 8
Player 2 (AI) chooses HIT: Player 2 drew 12
Player 3 (AI) chooses HIT: Player 3 drew 10 and went bust!
Player 1 drew 9
Player 2 (AI) chooses STAY: Player 2 stayed
Player 1 stayed

Round 1 Results:
------------------------------
Player 1: 28 points (Total: 28)
Player 2: 23 points (Total: 23)
Player 3: 0 points (BUSTED) (Total: 0)
Round completed! Starting next round...
Player 1 drew 12
Player 2 (AI) chooses HIT: Player 2 drew 10
Player 3 (AI) chooses HIT: Player 3 drew 4
Player 1 drew +2
Player 2 (AI) chooses HIT: Player 2 drew 8
Player 3 (AI) chooses HIT: Player 3 drew 3
Player 1 drew 8
Player 2 (AI) chooses HIT: Player 2 drew 10 and went bust!
Player 3 (AI) chooses HIT: Player 3 drew 2
Player 1 stayed
Player 3 (AI) chooses HIT: Player 3 drew 7
Player 3 (AI) chooses HIT: Player 3 drew 6
Player 3 (AI) chooses HIT: Player 3 drew 8
Player 3 (AI) chooses HIT: Player 3 drew 8 and went bust!

Round 2 Results:
------------------------------
Player 1: 22 points (Total: 50)
Player 2: 0 points (BUSTED) (Total: 23)
Player 3: 0 points (BUSTED) (Total: 0)
Round completed! Starting next round...
Player 1 drew 5
Player 2 (AI) chooses HIT: Player 2 drew 12
Player 3 (AI) chooses HIT: Player 3 drew 7
Player 1 drew 4
Player 2 (AI) chooses HIT: Player 2 drew 12 and went bust!
Player 3 (AI) chooses HIT: Player 3 drew 9
Player 1 drew 8
Player 3 (AI) chooses HIT: Player 3 drew 10
Player 1 drew 11
Player 3 (AI) chooses STAY: Player 3 stayed
Player 1 drew 9
Player 1 drew X2
Player 1 stayed

Round 3 Results:
------------------------------
Player 1: 74 points (Total: 124)
Player 2: 0 points (BUSTED) (Total: 23)
Player 3: 26 points (Total: 26)
Round completed! Starting next round...
Player 1 drew 0
Player 2 (AI) chooses HIT: Player 2 drew 6
Player 3 (AI) chooses HIT: Player 3 drew 3
Player 1 drew 12
Player 2 (AI) chooses HIT: Player 2 drew 9
Player 3 (AI) chooses HIT: Player 3 drew 7
Player 1 drew 10
Player 2 (AI) chooses HIT: Player 2 drew 8
Player 3 (AI) chooses HIT: Player 3 drew 8
Player 1 drew 12 and went bust!
Player 2 (AI) chooses HIT: Player 2 drew 12
Player 3 (AI) chooses HIT: Player 3 drew 11
Player 2 (AI) chooses STAY: Player 2 stayed
Player 3 (AI) chooses STAY: Player 3 stayed

Round 4 Results:
------------------------------
Player 1: 0 points (BUSTED) (Total: 124)
Player 2: 35 points (Total: 58)
Player 3: 29 points (Total: 55)
Round completed! Starting next round...
Player 1 drew 11
Player 2 (AI) chooses HIT: Player 2 drew 12
Player 3 (AI) chooses HIT: Player 3 drew 6
Player 1 drew 7
Player 2 (AI) chooses HIT: Player 2 drew 9
Player 3 (AI) chooses HIT: Player 3 drew 10
Player 1 drew 4
Player 2 (AI) chooses HIT: Player 2 drew 11
Player 3 (AI) chooses HIT: Player 3 drew 5
Player 1 drew 9
Player 2 (AI) chooses STAY: Player 2 stayed
Player 3 (AI) chooses STAY: Player 3 stayed
Player 1 stayed

Round 5 Results:
------------------------------
Player 1: 31 points (Total: 155)
Player 2: 32 points (Total: 90)
Player 3: 21 points (Total: 76)
Round completed! Starting next round...
Player 1 drew +10
Player 2 (AI) chooses HIT: Player 2 drew 6
Player 3 (AI) chooses HIT: Player 3 drew 11
Player 1 drew 9
Player 2 (AI) chooses HIT: Player 2 drew 5
Player 3 (AI) chooses HIT: Player 3 drew 12
Player 1 drew 11
Player 2 (AI) chooses HIT: Player 2 drew 10
Player 3 (AI) chooses STAY: Player 3 stayed
Player 1 drew 11 and went bust!
Player 2 (AI) chooses STAY: Player 2 stayed

Round 6 Results:
------------------------------
Player 1: 0 points (BUSTED) (Total: 155)
Player 2: 21 points (Total: 111)
Player 3: 23 points (Total: 99)
Round completed! Starting next round...
Player 1 drew 7
Player 2 (AI) chooses HIT: Player 2 drew 7
Player 3 (AI) chooses HIT: Player 3 drew 10
Player 1 drew 5
Player 2 (AI) chooses HIT: Player 2 drew 12
Player 3 (AI) chooses HIT: Player 3 drew 11
Player 1 drew 6
Player 2 (AI) chooses HIT: Player 2 drew 10
Player 3 (AI) chooses HIT: Player 3 drew 1
Player 1 drew 12
Player 2 (AI) chooses STAY: Player 2 stayed
Player 3 (AI) chooses HIT: Player 3 drew 3
Player 1 stayed
Player 3 (AI) chooses HIT: Player 3 drew +4
Player 3 (AI) chooses HIT: Player 3 drew 9
Player 3 (AI) chooses STAY: Player 3 stayed

Round 7 Results:
------------------------------
Player 1: 30 points (Total: 185)
Player 2: 29 points (Total: 140)
Player 3: 38 points (Total: 137)
Round completed! Starting next round...
Player 1 drew 5
Player 2 (AI) chooses HIT: Player 2 drew 6
Player 3 (AI) chooses HIT: Player 3 drew 12
Player 1 drew 4
Player 2 (AI) chooses HIT: Player 2 drew 2
Player 3 (AI) chooses HIT: Player 3 drew 11
Player 1 drew 7
Player 2 (AI) chooses HIT: Player 2 drew 9
Player 3 (AI) chooses STAY: Player 3 stayed
Player 1 drew 10
Player 2 (AI) chooses HIT: Player 2 drew 6 and went bust!
Player 1 drew 10 and went bust!

Round 8 Results:
------------------------------
Player 1: 0 points (BUSTED) (Total: 185)
Player 2: 0 points (BUSTED) (Total: 140)
Player 3: 23 points (Total: 160)
Round completed! Starting next round...
Player 1 drew 9
Player 2 (AI) chooses HIT: Player 2 drew 9
Player 3 (AI) chooses HIT: Player 3 drew 5
Player 1 drew 9 and went bust!
Player 2 (AI) chooses HIT: Player 2 drew 12
Player 3 (AI) chooses HIT: Player 3 drew 10
Player 2 (AI) chooses HIT: Player 2 drew 10
Player 3 (AI) chooses HIT: Player 3 drew 1
Player 2 (AI) chooses STAY: Player 2 stayed
Player 3 (AI) chooses HIT: Player 3 drew 11
Player 3 (AI) chooses STAY: Player 3 stayed

Round 9 Results:
------------------------------
Player 1: 0 points (BUSTED) (Total: 185)
Player 2: 31 points (Total: 171)
Player 3: 27 points (Total: 187)
Round completed! Starting next round...
Player 1 drew 10
Player 2 (AI) chooses HIT: Player 2 drew 9
Player 3 (AI) chooses HIT: Player 3 drew 10
Player 1 drew 12
Player 2 (AI) chooses HIT: Player 2 drew 7
Player 3 (AI) chooses HIT: Player 3 drew 10 and went bust!
Player 1 stayed
Player 2 (AI) chooses HIT: Player 2 drew 0
Player 2 (AI) chooses HIT: Player 2 drew 7 and went bust!

Round 10 Results:
------------------------------
Player 1: 22 points (Total: 207)
Player 2: 0 points (BUSTED) (Total: 171)
Player 3: 0 points (BUSTED) (Total: 187)
🎉 GAME OVER! Player 1 wins with 207 points!
